lib/react-native-background-actions/android/build/intermediates/manifest_merge_blame_file/release/processReleaseManifest/manifest-merger-blame-release-report.txt
1<?xml version="1.0" encoding="utf-8"?>
2<manifest xmlns:android="http://schemas.android.com/apk/res/android"
3    package="com.asterinet.react.bgactions" >
4
5    <uses-sdk android:minSdkVersion="24" />
6
7    <uses-permission android:name="android.permission.FOREGROUND_SERVICE" />
7-->src/main/AndroidManifest.xml:2:5-77
7-->src/main/AndroidManifest.xml:2:22-74
8    <uses-permission android:name="android.permission.FOREGROUND_SERVICE_SPECIAL_USE" />
8-->src/main/AndroidManifest.xml:3:5-89
8-->src/main/AndroidManifest.xml:3:22-86
9    <uses-permission android:name="android.permission.FOREGROUND_SERVICE_BACKGROUND_TASK" />
9-->src/main/AndroidManifest.xml:4:5-93
9-->src/main/AndroidManifest.xml:4:22-90
10
11    <application>
11-->src/main/AndroidManifest.xml:7:5-11:19
12        <service
12-->src/main/AndroidManifest.xml:8:8-10:55
13            android:name="com.asterinet.react.bgactions.RNBackgroundActionsTask"
13-->src/main/AndroidManifest.xml:8:17-56
14            android:foregroundServiceType="specialUse" >
14-->src/main/AndroidManifest.xml:8:57-99
15            <meta-data
15-->src/main/AndroidManifest.xml:8:103-10:44
16                android:name="android.app.PROPERTY_SPECIAL_USE_FGS_SUBTYPE"
16-->src/main/AndroidManifest.xml:9:9-68
17                android:value="background_timer" />
17-->src/main/AndroidManifest.xml:10:9-41
18        </service>
19    </application>
20
21</manifest>